2024-07-14 13:54:21.872  INFO 25804 --- [main] (system) com.example.BackendApplication           : Starting BackendApplication using Java 17.0.11 with PID 25804 (D:\JB\Forum\backend\target\classes started by Ll in D:\JB\Forum)
2024-07-14 13:54:21.874  INFO 25804 --- [main] (system) com.example.BackendApplication           : The following 1 profile is active: "dev"
2024-07-14 13:54:22.380  INFO 25804 --- [main] (system) .s.d.r.c.RepositoryConfigurationDelegate : Multiple Spring Data modules found, entering strict repository configuration mode
2024-07-14 13:54:22.382  INFO 25804 --- [main] (system) .s.d.r.c.RepositoryConfigurationDelegate : Bootstrapping Spring Data Redis repositories in DEFAULT mode.
2024-07-14 13:54:22.399  INFO 25804 --- [main] (system) .s.d.r.c.RepositoryConfigurationDelegate : Finished Spring Data repository scanning in 8 ms. Found 0 Redis repository interfaces.
2024-07-14 13:54:22.817  INFO 25804 --- [main] (system) o.s.b.w.embedded.tomcat.TomcatWebServer  : Tomcat initialized with port(s): 8080 (http)
2024-07-14 13:54:22.818  INFO 25804 --- [main] (system) o.a.catalina.core.AprLifecycleListener   : Loaded Apache Tomcat Native library [2.0.7] using APR version [1.7.4].
2024-07-14 13:54:22.821  INFO 25804 --- [main] (system) o.a.catalina.core.AprLifecycleListener   : OpenSSL successfully initialized [OpenSSL 3.0.13 30 Jan 2024]
2024-07-14 13:54:22.827  INFO 25804 --- [main] (system) o.apache.catalina.core.StandardService   : Starting service [Tomcat]
2024-07-14 13:54:22.827  INFO 25804 --- [main] (system) o.apache.catalina.core.StandardEngine    : Starting Servlet engine: [Apache Tomcat/10.1.11]
2024-07-14 13:54:22.901  INFO 25804 --- [main] (system) o.a.c.c.C.[Tomcat].[localhost].[/]       : Initializing Spring embedded WebApplicationContext
2024-07-14 13:54:22.901  INFO 25804 --- [main] (system) w.s.c.ServletWebServerApplicationContext : Root WebApplicationContext: initialization completed in 1002 ms
2024-07-14 13:54:23.711  INFO 25804 --- [main] (system) o.s.s.web.DefaultSecurityFilterChain     : Will secure any request with [org.springframework.security.web.session.DisableEncodeUrlFilter@6068cda1, org.springframework.security.web.context.request.async.WebAsyncManagerIntegrationFilter@644e6a8e, org.springframework.security.web.context.SecurityContextHolderFilter@4037cdb0, org.springframework.security.web.header.HeaderWriterFilter@4189e668, org.springframework.security.web.authentication.logout.LogoutFilter@3700994c, com.example.filter.JwtAuthorizeFilter@77c23d90, org.springframework.security.web.authentication.UsernamePasswordAuthenticationFilter@40cb95c1, org.springframework.security.web.savedrequest.RequestCacheAwareFilter@33e4068, org.springframework.security.web.servletapi.SecurityContextHolderAwareRequestFilter@b787274, org.springframework.security.web.authentication.AnonymousAuthenticationFilter@2ccecae2, org.springframework.security.web.session.SessionManagementFilter@5807ea46, org.springframework.security.web.access.ExceptionTranslationFilter@3cc2e3e, org.springframework.security.web.access.intercept.AuthorizationFilter@6516181f]
2024-07-14 13:54:23.915  WARN 25804 --- [main] (system) ocalVariableTableParameterNameDiscoverer : Using deprecated '-debug' fallback for parameter name resolution. Compile the affected code with '-parameters' instead or avoid its introspection: org.springframework.amqp.rabbit.core.RabbitAdmin
2024-07-14 13:54:23.956  INFO 25804 --- [main] (system) o.s.b.w.embedded.tomcat.TomcatWebServer  : Tomcat started on port(s): 8080 (http) with context path ''
2024-07-14 13:54:23.959  INFO 25804 --- [main] (system) o.s.a.r.c.CachingConnectionFactory       : Attempting to connect to: [47.97.2.37:5672]
2024-07-14 13:54:24.286  INFO 25804 --- [main] (system) o.s.a.r.c.CachingConnectionFactory       : Created new connection: rabbitConnectionFactory#4e8d9bb6:0/SimpleConnection@4891d727 [delegate=amqp://rabbitmq@47.97.2.37:5672/, localPort=14233]
2024-07-14 13:54:24.673  INFO 25804 --- [main] (system) com.example.BackendApplication           : Started BackendApplication in 3.168 seconds (process running for 3.869)
2024-07-14 13:54:27.560  INFO 25804 --- [org.springframework.amqp.rabbit.RabbitListenerEndpointContainer#0-2] (system) o.s.a.r.l.SimpleMessageListenerContainer : Waiting for workers to finish.
2024-07-14 13:54:27.728  INFO 25804 --- [org.springframework.amqp.rabbit.RabbitListenerEndpointContainer#0-2] (system) o.s.a.r.l.SimpleMessageListenerContainer : Successfully waited for workers to finish.
2024-07-14 13:56:27.847  INFO 25644 --- [main] (system) com.example.BackendApplication           : Starting BackendApplication using Java 17.0.11 with PID 25644 (D:\JB\Forum\backend\target\classes started by Ll in D:\JB\Forum)
2024-07-14 13:56:27.849  INFO 25644 --- [main] (system) com.example.BackendApplication           : The following 1 profile is active: "dev"
2024-07-14 13:56:28.358  INFO 25644 --- [main] (system) .s.d.r.c.RepositoryConfigurationDelegate : Multiple Spring Data modules found, entering strict repository configuration mode
2024-07-14 13:56:28.360  INFO 25644 --- [main] (system) .s.d.r.c.RepositoryConfigurationDelegate : Bootstrapping Spring Data Redis repositories in DEFAULT mode.
2024-07-14 13:56:28.377  INFO 25644 --- [main] (system) .s.d.r.c.RepositoryConfigurationDelegate : Finished Spring Data repository scanning in 8 ms. Found 0 Redis repository interfaces.
2024-07-14 13:56:28.794  INFO 25644 --- [main] (system) o.s.b.w.embedded.tomcat.TomcatWebServer  : Tomcat initialized with port(s): 8080 (http)
2024-07-14 13:56:28.795  INFO 25644 --- [main] (system) o.a.catalina.core.AprLifecycleListener   : Loaded Apache Tomcat Native library [2.0.7] using APR version [1.7.4].
2024-07-14 13:56:28.799  INFO 25644 --- [main] (system) o.a.catalina.core.AprLifecycleListener   : OpenSSL successfully initialized [OpenSSL 3.0.13 30 Jan 2024]
2024-07-14 13:56:28.805  INFO 25644 --- [main] (system) o.apache.catalina.core.StandardService   : Starting service [Tomcat]
2024-07-14 13:56:28.805  INFO 25644 --- [main] (system) o.apache.catalina.core.StandardEngine    : Starting Servlet engine: [Apache Tomcat/10.1.11]
2024-07-14 13:56:28.881  INFO 25644 --- [main] (system) o.a.c.c.C.[Tomcat].[localhost].[/]       : Initializing Spring embedded WebApplicationContext
2024-07-14 13:56:28.882  INFO 25644 --- [main] (system) w.s.c.ServletWebServerApplicationContext : Root WebApplicationContext: initialization completed in 1008 ms
2024-07-14 13:56:29.698  INFO 25644 --- [main] (system) o.s.s.web.DefaultSecurityFilterChain     : Will secure any request with [org.springframework.security.web.session.DisableEncodeUrlFilter@684a802a, org.springframework.security.web.context.request.async.WebAsyncManagerIntegrationFilter@7b5c9412, org.springframework.security.web.context.SecurityContextHolderFilter@749ee0e3, org.springframework.security.web.header.HeaderWriterFilter@5a8656a2, org.springframework.security.web.authentication.logout.LogoutFilter@5cc075da, com.example.filter.JwtAuthorizeFilter@4e7bc939, org.springframework.security.web.authentication.UsernamePasswordAuthenticationFilter@cb1c58c, org.springframework.security.web.savedrequest.RequestCacheAwareFilter@6bfbab1c, org.springframework.security.web.servletapi.SecurityContextHolderAwareRequestFilter@4eb48298, org.springframework.security.web.authentication.AnonymousAuthenticationFilter@69d902f9, org.springframework.security.web.session.SessionManagementFilter@5614ae05, org.springframework.security.web.access.ExceptionTranslationFilter@1df32c09, org.springframework.security.web.access.intercept.AuthorizationFilter@7fa85a55]
2024-07-14 13:56:29.900  WARN 25644 --- [main] (system) ocalVariableTableParameterNameDiscoverer : Using deprecated '-debug' fallback for parameter name resolution. Compile the affected code with '-parameters' instead or avoid its introspection: org.springframework.amqp.rabbit.core.RabbitAdmin
2024-07-14 13:56:29.942  INFO 25644 --- [main] (system) o.s.b.w.embedded.tomcat.TomcatWebServer  : Tomcat started on port(s): 8080 (http) with context path ''
2024-07-14 13:56:29.944  INFO 25644 --- [main] (system) o.s.a.r.c.CachingConnectionFactory       : Attempting to connect to: [47.97.2.37:5672]
2024-07-14 13:56:30.204  INFO 25644 --- [main] (system) o.s.a.r.c.CachingConnectionFactory       : Created new connection: rabbitConnectionFactory#44492c06:0/SimpleConnection@749c0669 [delegate=amqp://rabbitmq@47.97.2.37:5672/, localPort=14363]
2024-07-14 13:56:30.746  INFO 25644 --- [main] (system) com.example.BackendApplication           : Started BackendApplication in 3.266 seconds (process running for 3.772)
2024-07-14 13:56:39.266  INFO 25644 --- [http-nio-8080-exec-3] (system) o.a.c.c.C.[Tomcat].[localhost].[/]       : Initializing Spring DispatcherServlet 'dispatcherServlet'
2024-07-14 13:56:39.266  INFO 25644 --- [http-nio-8080-exec-3] (system) o.s.web.servlet.DispatcherServlet        : Initializing Servlet 'dispatcherServlet'
2024-07-14 13:56:39.267  INFO 25644 --- [http-nio-8080-exec-3] (system) o.s.web.servlet.DispatcherServlet        : Completed initialization in 1 ms
2024-07-14 13:56:40.186  INFO 25644 --- [http-nio-8080-exec-3] (system) com.zaxxer.hikari.HikariDataSource       : HikariPool-1 - Starting...
2024-07-14 13:56:40.713  INFO 25644 --- [http-nio-8080-exec-3] (system) com.zaxxer.hikari.pool.HikariPool        : HikariPool-1 - Added connection com.mysql.cj.jdbc.ConnectionImpl@1264d682
2024-07-14 13:56:40.715  INFO 25644 --- [http-nio-8080-exec-3] (system) com.zaxxer.hikari.HikariDataSource       : HikariPool-1 - Start completed.
2024-07-14 13:59:02.793  INFO 25644 --- [org.springframework.amqp.rabbit.RabbitListenerEndpointContainer#0-2] (system) o.s.a.r.l.SimpleMessageListenerContainer : Waiting for workers to finish.
2024-07-14 13:59:02.839  INFO 25644 --- [org.springframework.amqp.rabbit.RabbitListenerEndpointContainer#0-2] (system) o.s.a.r.l.SimpleMessageListenerContainer : Successfully waited for workers to finish.
2024-07-14 13:59:02.864  INFO 25644 --- [SpringApplicationShutdownHook] (system) com.zaxxer.hikari.HikariDataSource       : HikariPool-1 - Shutdown initiated...
2024-07-14 13:59:02.870  INFO 25644 --- [SpringApplicationShutdownHook] (system) com.zaxxer.hikari.HikariDataSource       : HikariPool-1 - Shutdown completed.
2024-07-14 14:00:44.819  INFO 22256 --- [main] (system) com.example.BackendApplication           : Starting BackendApplication using Java 17.0.11 with PID 22256 (D:\JB\Forum\backend\target\classes started by Ll in D:\JB\Forum)
2024-07-14 14:00:44.820  INFO 22256 --- [main] (system) com.example.BackendApplication           : The following 1 profile is active: "dev"
2024-07-14 14:00:45.270  INFO 22256 --- [main] (system) .s.d.r.c.RepositoryConfigurationDelegate : Multiple Spring Data modules found, entering strict repository configuration mode
2024-07-14 14:00:45.272  INFO 22256 --- [main] (system) .s.d.r.c.RepositoryConfigurationDelegate : Bootstrapping Spring Data Redis repositories in DEFAULT mode.
2024-07-14 14:00:45.290  INFO 22256 --- [main] (system) .s.d.r.c.RepositoryConfigurationDelegate : Finished Spring Data repository scanning in 8 ms. Found 0 Redis repository interfaces.
2024-07-14 14:00:45.683  INFO 22256 --- [main] (system) o.s.b.w.embedded.tomcat.TomcatWebServer  : Tomcat initialized with port(s): 8080 (http)
2024-07-14 14:00:45.684  INFO 22256 --- [main] (system) o.a.catalina.core.AprLifecycleListener   : Loaded Apache Tomcat Native library [2.0.7] using APR version [1.7.4].
2024-07-14 14:00:45.687  INFO 22256 --- [main] (system) o.a.catalina.core.AprLifecycleListener   : OpenSSL successfully initialized [OpenSSL 3.0.13 30 Jan 2024]
2024-07-14 14:00:45.693  INFO 22256 --- [main] (system) o.apache.catalina.core.StandardService   : Starting service [Tomcat]
2024-07-14 14:00:45.693  INFO 22256 --- [main] (system) o.apache.catalina.core.StandardEngine    : Starting Servlet engine: [Apache Tomcat/10.1.11]
2024-07-14 14:00:45.773  INFO 22256 --- [main] (system) o.a.c.c.C.[Tomcat].[localhost].[/]       : Initializing Spring embedded WebApplicationContext
2024-07-14 14:00:45.773  INFO 22256 --- [main] (system) w.s.c.ServletWebServerApplicationContext : Root WebApplicationContext: initialization completed in 928 ms
2024-07-14 14:00:46.561  INFO 22256 --- [main] (system) o.s.s.web.DefaultSecurityFilterChain     : Will secure any request with [org.springframework.security.web.session.DisableEncodeUrlFilter@6dde1bf5, org.springframework.security.web.context.request.async.WebAsyncManagerIntegrationFilter@4b56b517, org.springframework.security.web.context.SecurityContextHolderFilter@64d93096, org.springframework.security.web.header.HeaderWriterFilter@521c67f0, org.springframework.security.web.authentication.logout.LogoutFilter@1e000a17, com.example.filter.JwtAuthorizeFilter@15994b0b, org.springframework.security.web.authentication.UsernamePasswordAuthenticationFilter@4c79ca55, org.springframework.security.web.savedrequest.RequestCacheAwareFilter@51df2a41, org.springframework.security.web.servletapi.SecurityContextHolderAwareRequestFilter@49f50c8f, org.springframework.security.web.authentication.AnonymousAuthenticationFilter@1124dd79, org.springframework.security.web.session.SessionManagementFilter@451af781, org.springframework.security.web.access.ExceptionTranslationFilter@2633d09c, org.springframework.security.web.access.intercept.AuthorizationFilter@297c3a43]
2024-07-14 14:00:46.734  WARN 22256 --- [main] (system) ocalVariableTableParameterNameDiscoverer : Using deprecated '-debug' fallback for parameter name resolution. Compile the affected code with '-parameters' instead or avoid its introspection: org.springframework.amqp.rabbit.core.RabbitAdmin
2024-07-14 14:00:46.780  INFO 22256 --- [main] (system) o.s.b.w.embedded.tomcat.TomcatWebServer  : Tomcat started on port(s): 8080 (http) with context path ''
2024-07-14 14:00:46.783  INFO 22256 --- [main] (system) o.s.a.r.c.CachingConnectionFactory       : Attempting to connect to: [47.97.2.37:5672]
2024-07-14 14:00:47.037  INFO 22256 --- [main] (system) o.s.a.r.c.CachingConnectionFactory       : Created new connection: rabbitConnectionFactory#a2df0d5:0/SimpleConnection@6549ce71 [delegate=amqp://rabbitmq@47.97.2.37:5672/, localPort=14686]
2024-07-14 14:00:47.406  INFO 22256 --- [main] (system) com.example.BackendApplication           : Started BackendApplication in 2.946 seconds (process running for 3.443)
2024-07-14 14:00:58.878  INFO 22256 --- [http-nio-8080-exec-1] (system) o.a.c.c.C.[Tomcat].[localhost].[/]       : Initializing Spring DispatcherServlet 'dispatcherServlet'
2024-07-14 14:00:58.879  INFO 22256 --- [http-nio-8080-exec-1] (system) o.s.web.servlet.DispatcherServlet        : Initializing Servlet 'dispatcherServlet'
2024-07-14 14:00:58.880  INFO 22256 --- [http-nio-8080-exec-1] (system) o.s.web.servlet.DispatcherServlet        : Completed initialization in 1 ms
2024-07-14 14:00:59.965  INFO 22256 --- [http-nio-8080-exec-1] (system) com.zaxxer.hikari.HikariDataSource       : HikariPool-1 - Starting...
2024-07-14 14:01:00.758  INFO 22256 --- [http-nio-8080-exec-1] (system) com.zaxxer.hikari.pool.HikariPool        : HikariPool-1 - Added connection com.mysql.cj.jdbc.ConnectionImpl@f4862c6
2024-07-14 14:01:00.760  INFO 22256 --- [http-nio-8080-exec-1] (system) com.zaxxer.hikari.HikariDataSource       : HikariPool-1 - Start completed.
2024-07-14 14:02:00.747  INFO 22256 --- [org.springframework.amqp.rabbit.RabbitListenerEndpointContainer#0-2] (system) o.s.a.r.l.SimpleMessageListenerContainer : Waiting for workers to finish.
2024-07-14 14:02:01.780  INFO 22256 --- [org.springframework.amqp.rabbit.RabbitListenerEndpointContainer#0-2] (system) o.s.a.r.l.SimpleMessageListenerContainer : Successfully waited for workers to finish.
2024-07-14 14:02:01.798  INFO 22256 --- [SpringApplicationShutdownHook] (system) com.zaxxer.hikari.HikariDataSource       : HikariPool-1 - Shutdown initiated...
2024-07-14 14:02:01.817  INFO 22256 --- [SpringApplicationShutdownHook] (system) com.zaxxer.hikari.HikariDataSource       : HikariPool-1 - Shutdown completed.
2024-07-14 14:22:23.641  INFO 25740 --- [main] (system) com.example.BackendApplication           : Starting BackendApplication using Java 17.0.11 with PID 25740 (D:\JB\Forum\backend\target\classes started by Ll in D:\JB\Forum)
2024-07-14 14:22:23.643  INFO 25740 --- [main] (system) com.example.BackendApplication           : The following 1 profile is active: "dev"
2024-07-14 14:22:24.097  INFO 25740 --- [main] (system) .s.d.r.c.RepositoryConfigurationDelegate : Multiple Spring Data modules found, entering strict repository configuration mode
2024-07-14 14:22:24.099  INFO 25740 --- [main] (system) .s.d.r.c.RepositoryConfigurationDelegate : Bootstrapping Spring Data Redis repositories in DEFAULT mode.
2024-07-14 14:22:24.117  INFO 25740 --- [main] (system) .s.d.r.c.RepositoryConfigurationDelegate : Finished Spring Data repository scanning in 8 ms. Found 0 Redis repository interfaces.
2024-07-14 14:22:24.515  INFO 25740 --- [main] (system) o.s.b.w.embedded.tomcat.TomcatWebServer  : Tomcat initialized with port(s): 8080 (http)
2024-07-14 14:22:24.516  INFO 25740 --- [main] (system) o.a.catalina.core.AprLifecycleListener   : Loaded Apache Tomcat Native library [2.0.7] using APR version [1.7.4].
2024-07-14 14:22:24.520  INFO 25740 --- [main] (system) o.a.catalina.core.AprLifecycleListener   : OpenSSL successfully initialized [OpenSSL 3.0.13 30 Jan 2024]
2024-07-14 14:22:24.526  INFO 25740 --- [main] (system) o.apache.catalina.core.StandardService   : Starting service [Tomcat]
2024-07-14 14:22:24.526  INFO 25740 --- [main] (system) o.apache.catalina.core.StandardEngine    : Starting Servlet engine: [Apache Tomcat/10.1.11]
2024-07-14 14:22:24.601  INFO 25740 --- [main] (system) o.a.c.c.C.[Tomcat].[localhost].[/]       : Initializing Spring embedded WebApplicationContext
2024-07-14 14:22:24.602  INFO 25740 --- [main] (system) w.s.c.ServletWebServerApplicationContext : Root WebApplicationContext: initialization completed in 934 ms
2024-07-14 14:22:25.367  INFO 25740 --- [main] (system) o.s.s.web.DefaultSecurityFilterChain     : Will secure any request with [org.springframework.security.web.session.DisableEncodeUrlFilter@54f69311, org.springframework.security.web.context.request.async.WebAsyncManagerIntegrationFilter@4ab86b2a, org.springframework.security.web.context.SecurityContextHolderFilter@6fcc0a1, org.springframework.security.web.header.HeaderWriterFilter@670c171c, org.springframework.security.web.authentication.logout.LogoutFilter@22002459, com.example.filter.JwtAuthorizeFilter@3af36922, org.springframework.security.web.authentication.UsernamePasswordAuthenticationFilter@69b1e8f8, org.springframework.security.web.savedrequest.RequestCacheAwareFilter@46d69ca4, org.springframework.security.web.servletapi.SecurityContextHolderAwareRequestFilter@54f25b42, org.springframework.security.web.authentication.AnonymousAuthenticationFilter@7793b55d, org.springframework.security.web.session.SessionManagementFilter@6614289a, org.springframework.security.web.access.ExceptionTranslationFilter@7ccf6114, org.springframework.security.web.access.intercept.AuthorizationFilter@7bb25046]
2024-07-14 14:22:25.550  WARN 25740 --- [main] (system) ocalVariableTableParameterNameDiscoverer : Using deprecated '-debug' fallback for parameter name resolution. Compile the affected code with '-parameters' instead or avoid its introspection: org.springframework.amqp.rabbit.core.RabbitAdmin
2024-07-14 14:22:25.595  INFO 25740 --- [main] (system) o.s.b.w.embedded.tomcat.TomcatWebServer  : Tomcat started on port(s): 8080 (http) with context path ''
2024-07-14 14:22:25.597  INFO 25740 --- [main] (system) o.s.a.r.c.CachingConnectionFactory       : Attempting to connect to: [47.97.2.37:5672]
2024-07-14 14:22:25.903  INFO 25740 --- [main] (system) o.s.a.r.c.CachingConnectionFactory       : Created new connection: rabbitConnectionFactory#7433ca19:0/SimpleConnection@629600d7 [delegate=amqp://rabbitmq@47.97.2.37:5672/, localPort=2047]
2024-07-14 14:22:26.259  INFO 25740 --- [main] (system) com.example.BackendApplication           : Started BackendApplication in 2.989 seconds (process running for 3.491)
2024-07-14 14:22:35.291  INFO 25740 --- [http-nio-8080-exec-2] (system) o.a.c.c.C.[Tomcat].[localhost].[/]       : Initializing Spring DispatcherServlet 'dispatcherServlet'
2024-07-14 14:22:35.292  INFO 25740 --- [http-nio-8080-exec-2] (system) o.s.web.servlet.DispatcherServlet        : Initializing Servlet 'dispatcherServlet'
2024-07-14 14:22:35.292  INFO 25740 --- [http-nio-8080-exec-2] (system) o.s.web.servlet.DispatcherServlet        : Completed initialization in 0 ms
2024-07-14 14:22:36.243  INFO 25740 --- [http-nio-8080-exec-2] (system) com.zaxxer.hikari.HikariDataSource       : HikariPool-1 - Starting...
2024-07-14 14:22:37.112  INFO 25740 --- [http-nio-8080-exec-2] (system) com.zaxxer.hikari.pool.HikariPool        : HikariPool-1 - Added connection com.mysql.cj.jdbc.ConnectionImpl@790acff3
2024-07-14 14:22:37.113  INFO 25740 --- [http-nio-8080-exec-2] (system) com.zaxxer.hikari.HikariDataSource       : HikariPool-1 - Start completed.
2024-07-14 14:22:57.939  INFO 25740 --- [http-nio-8080-exec-3] (125201097370505216) com.example.filter.RequestLogFilter      : 请求URL: "/api/auth/ask-code" (GET) | 远程IP地址: 0:0:0:0:0:0:0:1 │ 身份: 未验证 | 请求参数列表: {"email":"2902471892@qq.com","type":"reset"}
2024-07-14 14:22:58.210  INFO 25740 --- [http-nio-8080-exec-3] (125201097370505216) com.example.filter.RequestLogFilter      : 请求处理耗时: 271ms | 响应结果: {"id":125201097370505216,"code":200,"data":null,"message":"请求成功"}
2024-07-14 14:24:43.311  INFO 25740 --- [org.springframework.amqp.rabbit.RabbitListenerEndpointContainer#0-2] (system) o.s.a.r.l.SimpleMessageListenerContainer : Waiting for workers to finish.
2024-07-14 14:24:43.833  INFO 25740 --- [org.springframework.amqp.rabbit.RabbitListenerEndpointContainer#0-2] (system) o.s.a.r.l.SimpleMessageListenerContainer : Successfully waited for workers to finish.
2024-07-14 14:24:43.860  INFO 25740 --- [SpringApplicationShutdownHook] (system) com.zaxxer.hikari.HikariDataSource       : HikariPool-1 - Shutdown initiated...
2024-07-14 14:24:43.867  INFO 25740 --- [SpringApplicationShutdownHook] (system) com.zaxxer.hikari.HikariDataSource       : HikariPool-1 - Shutdown completed.
